build/app/intermediates/manifest_merge_blame_file/release/manifest-merger-blame-release-report.txt
1<?xml version="1.0" encoding="utf-8"?>
2<manifest xmlns:android="http://schemas.android.com/apk/res/android"
3    package="com.example.demo1212"
4    android:versionCode="1"
5    android:versionName="1.0.0" >
6
7    <uses-sdk
8        android:minSdkVersion="16"
8-->src/main/AndroidManifest.xml
9        android:targetSdkVersion="31" />
9-->src/main/AndroidManifest.xml
10
11    <uses-permission android:name="android.permission.FOREGROUND_SERVICE" />
11-->[:assets_audio_player] AndroidManifest.xml:7:5-77
11-->[:assets_audio_player] AndroidManifest.xml:7:22-74
12    <uses-permission android:name="android.permission.VIBRATE" />
12-->[:assets_audio_player] AndroidManifest.xml:8:5-66
12-->[:assets_audio_player] AndroidManifest.xml:8:22-63
13    <uses-permission android:name="android.permission.WAKE_LOCK" />
13-->[:assets_audio_player] AndroidManifest.xml:9:5-68
13-->[:assets_audio_player] AndroidManifest.xml:9:22-65
14    <uses-permission android:name="android.permission.ACCESS_NETWORK_STATE" />
14-->[com.google.android.exoplayer:exoplayer-core:2.13.2] AndroidManifest.xml:24:5-79
14-->[com.google.android.exoplayer:exoplayer-core:2.13.2] AndroidManifest.xml:24:22-76
15
16    <application
17        android:name="android.app.Application"
17-->src/main/AndroidManifest.xml:5:9-42
18        android:appComponentFactory="androidx.core.app.CoreComponentFactory"
18-->[androidx.core:core:1.6.0] AndroidManifest.xml:24:18-86
19        android:icon="@mipmap/ic_launcher"
19-->src/main/AndroidManifest.xml:6:9-43
20        android:label="demo1212" >
20-->src/main/AndroidManifest.xml:4:9-33
21        <activity
21-->src/main/AndroidManifest.xml:7:9-27:20
22            android:name="com.example.demo1212.MainActivity"
22-->src/main/AndroidManifest.xml:8:13-41
23            android:configChanges="orientation|keyboardHidden|keyboard|screenSize|smallestScreenSize|locale|layoutDirection|fontScale|screenLayout|density|uiMode"
23-->src/main/AndroidManifest.xml:12:13-163
24            android:exported="true"
24-->src/main/AndroidManifest.xml:9:13-36
25            android:hardwareAccelerated="true"
25-->src/main/AndroidManifest.xml:13:13-47
26            android:launchMode="singleTop"
26-->src/main/AndroidManifest.xml:10:13-43
27            android:theme="@style/LaunchTheme"
27-->src/main/AndroidManifest.xml:11:13-47
28            android:windowSoftInputMode="adjustResize" >
28-->src/main/AndroidManifest.xml:14:13-55
29
30            <!--
31                 Specifies an Android theme to apply to this Activity as soon as
32                 the Android process has started. This theme is visible to the user
33                 while the Flutter UI initializes. After that, this theme continues
34                 to determine the Window background behind the Flutter UI.
35            -->
36            <meta-data
36-->src/main/AndroidManifest.xml:19:13-22:17
37                android:name="io.flutter.embedding.android.NormalTheme"
37-->src/main/AndroidManifest.xml:20:15-70
38                android:resource="@style/NormalTheme" />
38-->src/main/AndroidManifest.xml:21:15-52
39
40            <intent-filter>
40-->src/main/AndroidManifest.xml:23:13-26:29
41                <action android:name="android.intent.action.MAIN" />
41-->src/main/AndroidManifest.xml:24:17-68
41-->src/main/AndroidManifest.xml:24:25-66
42
43                <category android:name="android.intent.category.LAUNCHER" />
43-->src/main/AndroidManifest.xml:25:17-76
43-->src/main/AndroidManifest.xml:25:27-74
44            </intent-filter>
45        </activity>
46        <!--
47             Don't delete the meta-data below.
48             This is used by the Flutter tool to generate GeneratedPluginRegistrant.java
49        -->
50        <meta-data
50-->src/main/AndroidManifest.xml:30:9-32:33
51            android:name="flutterEmbedding"
51-->src/main/AndroidManifest.xml:31:13-44
52            android:value="2" />
52-->src/main/AndroidManifest.xml:32:13-30
53
54        <receiver android:name="com.github.florent37.assets_audio_player.notification.NotificationActionReceiver" />
54-->[:assets_audio_player] AndroidManifest.xml:12:9-117
54-->[:assets_audio_player] AndroidManifest.xml:12:19-114
55        <receiver android:name="com.github.florent37.assets_audio_player.notification.CustomMediaButtonReceiver" >
55-->[:assets_audio_player] AndroidManifest.xml:13:9-17:20
55-->[:assets_audio_player] AndroidManifest.xml:13:19-113
56            <intent-filter>
56-->[:assets_audio_player] AndroidManifest.xml:14:13-16:29
57                <action android:name="android.intent.action.MEDIA_BUTTON" />
57-->[:assets_audio_player] AndroidManifest.xml:15:17-77
57-->[:assets_audio_player] AndroidManifest.xml:15:25-74
58            </intent-filter>
59        </receiver>
60
61        <service
61-->[:assets_audio_player] AndroidManifest.xml:19:9-29:19
62            android:name="com.github.florent37.assets_audio_player.notification.NotificationService"
62-->[:assets_audio_player] AndroidManifest.xml:20:13-101
63            android:enabled="true"
63-->[:assets_audio_player] AndroidManifest.xml:21:13-35
64            android:exported="true" >
64-->[:assets_audio_player] AndroidManifest.xml:22:13-36
65
66            <!--
67            <intent-filter>
68                <action android:name="android.intent.action.MEDIA_BUTTON" />
69            </intent-filter>
70            -->
71        </service>
72
73        <uses-library
73-->[androidx.window:window:1.0.0-beta04] AndroidManifest.xml:25:9-27:40
74            android:name="androidx.window.extensions"
74-->[androidx.window:window:1.0.0-beta04] AndroidManifest.xml:26:13-54
75            android:required="false" />
75-->[androidx.window:window:1.0.0-beta04] AndroidManifest.xml:27:13-37
76        <uses-library
76-->[androidx.window:window:1.0.0-beta04] AndroidManifest.xml:28:9-30:40
77            android:name="androidx.window.sidecar"
77-->[androidx.window:window:1.0.0-beta04] AndroidManifest.xml:29:13-51
78            android:required="false" />
78-->[androidx.window:window:1.0.0-beta04] AndroidManifest.xml:30:13-37
79    </application>
80
81</manifest>